<?xml version="1.0" ?>
badbadbad
<coverage line-rate="0.75" branch-rate="0.75"  timestamp="1394890504210" complexity="2.5" version="0.1">
    <sources>
        <source>/Users/leobalter/dev/testing/solutions/3</source>
    </sources>
    <packages>
        <package name="3"  line-rate="1"  branch-rate="1" >
            <classes>
                <class name="cc.js"  filename="cc.js"  line-rate="1"  branch-rate="1" >
                    <methods>
                        <method name="normalize"  hits="11"  signature="()V" >
                            <lines><line number="1"  hits="11" /></lines>
                        </method>
                        <method name="getBrand"  hits="7"  signature="()V" >
                            <lines><line number="5"  hits="7" /></lines>
                        </method>
                    </methods>
                    <lines>
                        <line number="1"  hits="1"  branch="false" />
                        <line number="2"  hits="11"  branch="false" />
                        <line number="5"  hits="1"  branch="false" />
                        <line number="6"  hits="7"  branch="false" />
                        <line number="15"  hits="7"  branch="false" />
                        <line number="17"  hits="7"  branch="false" />
                        <line number="18"  hits="25"  branch="true"  condition-coverage="100% (4/4)" />
                        <line number="20"  hits="6"  branch="false" />
                    </lines>
                </class>
            </classes>
        </package>
    </packages>
</coverage>